<?xml version="1.0" encoding="UTF-8"?>
<coverage generated="1740137642655" clover="3.2.0">
  <project timestamp="1740137642655" name="All files">
    <metrics statements="333" coveredstatements="257" conditionals="52" coveredconditionals="36" methods="76" coveredmethods="51" elements="461" coveredelements="344" complexity="0" loc="333" ncloc="333" packages="5" files="12" classes="12"/>
    <package name="src">
      <metrics statements="59" coveredstatements="50" conditionals="16" coveredconditionals="13" methods="12" coveredmethods="9"/>
      <file name="types.ts" path="/home/knc/Documents/Programming/typescript/tp-wrapper-e2/src/types.ts">
        <metrics statements="51" coveredstatements="42" conditionals="11" coveredconditionals="8" methods="9" coveredmethods="6"/>
        <line num="7" count="5" type="stmt"/>
        <line num="21" count="5" type="stmt"/>
        <line num="24" count="5" type="stmt"/>
        <line num="25" count="77" type="stmt"/>
        <line num="26" count="77" type="stmt"/>
        <line num="27" count="1232" type="stmt"/>
        <line num="32" count="5" type="stmt"/>
        <line num="33" count="0" type="stmt"/>
        <line num="34" count="0" type="stmt"/>
        <line num="35" count="0" type="stmt"/>
        <line num="160" count="5" type="cond" truecount="2" falsecount="0"/>
        <line num="167" count="5" type="stmt"/>
        <line num="169" count="5" type="stmt"/>
        <line num="171" count="5" type="stmt"/>
        <line num="173" count="5" type="stmt"/>
        <line num="177" count="5" type="cond" truecount="2" falsecount="0"/>
        <line num="179" count="5" type="stmt"/>
        <line num="181" count="5" type="stmt"/>
        <line num="183" count="5" type="stmt"/>
        <line num="187" count="5" type="cond" truecount="2" falsecount="0"/>
        <line num="192" count="5" type="stmt"/>
        <line num="194" count="5" type="stmt"/>
        <line num="196" count="5" type="stmt"/>
        <line num="201" count="5" type="stmt"/>
        <line num="209" count="5" type="stmt"/>
        <line num="211" count="5" type="stmt"/>
        <line num="216" count="5" type="stmt"/>
        <line num="221" count="5" type="stmt"/>
        <line num="228" count="5" type="cond" truecount="2" falsecount="0"/>
        <line num="230" count="5" type="stmt"/>
        <line num="236" count="5" type="stmt"/>
        <line num="241" count="5" type="stmt"/>
        <line num="243" count="5" type="stmt"/>
        <line num="248" count="5" type="stmt"/>
        <line num="253" count="5" type="stmt"/>
        <line num="258" count="5" type="stmt"/>
        <line num="263" count="5" type="stmt"/>
        <line num="265" count="5" type="stmt"/>
        <line num="267" count="5" type="stmt"/>
        <line num="269" count="5" type="stmt"/>
        <line num="271" count="5" type="stmt"/>
        <line num="275" count="5" type="stmt"/>
        <line num="277" count="5" type="stmt"/>
        <line num="279" count="5" type="stmt"/>
        <line num="281" count="5" type="stmt"/>
        <line num="282" count="0" type="stmt"/>
        <line num="283" count="0" type="stmt"/>
        <line num="285" count="0" type="cond" truecount="0" falsecount="2"/>
        <line num="286" count="0" type="cond" truecount="0" falsecount="1"/>
        <line num="287" count="0" type="stmt"/>
        <line num="289" count="0" type="stmt"/>
      </file>
      <file name="utils.ts" path="/home/knc/Documents/Programming/typescript/tp-wrapper-e2/src/utils.ts">
        <metrics statements="8" coveredstatements="8" conditionals="5" coveredconditionals="5" methods="3" coveredmethods="3"/>
        <line num="7" count="6" type="stmt"/>
        <line num="11" count="15" type="stmt"/>
        <line num="13" count="15" type="cond" truecount="2" falsecount="0"/>
        <line num="15" count="2" type="stmt"/>
        <line num="17" count="10" type="cond" truecount="2" falsecount="0"/>
        <line num="19" count="13" type="cond" truecount="1" falsecount="0"/>
        <line num="20" count="1" type="stmt"/>
        <line num="22" count="12" type="stmt"/>
      </file>
    </package>
    <package name="src._contracts">
      <metrics statements="2" coveredstatements="2" conditionals="0" coveredconditionals="0" methods="0" coveredmethods="0"/>
      <file name="FaucetToken.ts" path="/home/knc/Documents/Programming/typescript/tp-wrapper-e2/src/_contracts/FaucetToken.ts">
        <metrics statements="1" coveredstatements="1" conditionals="0" coveredconditionals="0" methods="0" coveredmethods="0"/>
        <line num="3" count="5" type="stmt"/>
      </file>
      <file name="TandaPay.ts" path="/home/knc/Documents/Programming/typescript/tp-wrapper-e2/src/_contracts/TandaPay.ts">
        <metrics statements="1" coveredstatements="1" conditionals="0" coveredconditionals="0" methods="0" coveredmethods="0"/>
        <line num="1" count="5" type="stmt"/>
      </file>
    </package>
    <package name="src.contract_managers">
      <metrics statements="156" coveredstatements="93" conditionals="16" coveredconditionals="11" methods="51" coveredmethods="29"/>
      <file name="member_write_methods.ts" path="/home/knc/Documents/Programming/typescript/tp-wrapper-e2/src/contract_managers/member_write_methods.ts">
        <metrics statements="35" coveredstatements="11" conditionals="4" coveredconditionals="1" methods="11" coveredmethods="3"/>
        <line num="2" count="5" type="stmt"/>
        <line num="7" count="5" type="stmt"/>
        <line num="12" count="45" type="stmt"/>
        <line num="13" count="45" type="stmt"/>
        <line num="14" count="45" type="stmt"/>
        <line num="23" count="45" type="stmt"/>
        <line num="24" count="45" type="stmt"/>
        <line num="25" count="45" type="stmt"/>
        <line num="36" count="0" type="stmt"/>
        <line num="41" count="0" type="stmt"/>
        <line num="46" count="0" type="stmt"/>
        <line num="53" count="0" type="stmt"/>
        <line num="54" count="0" type="stmt"/>
        <line num="55" count="0" type="stmt"/>
        <line num="62" count="0" type="stmt"/>
        <line num="63" count="0" type="stmt"/>
        <line num="64" count="0" type="stmt"/>
        <line num="73" count="60" type="stmt"/>
        <line num="74" count="60" type="stmt"/>
        <line num="75" count="60" type="stmt"/>
        <line num="82" count="0" type="stmt"/>
        <line num="83" count="0" type="stmt"/>
        <line num="84" count="0" type="stmt"/>
        <line num="95" count="0" type="stmt"/>
        <line num="96" count="0" type="stmt"/>
        <line num="99" count="0" type="stmt"/>
        <line num="107" count="0" type="stmt"/>
        <line num="108" count="0" type="stmt"/>
        <line num="109" count="0" type="stmt"/>
        <line num="116" count="0" type="stmt"/>
        <line num="117" count="0" type="stmt"/>
        <line num="118" count="0" type="stmt"/>
        <line num="127" count="0" type="stmt"/>
        <line num="128" count="0" type="stmt"/>
        <line num="129" count="0" type="stmt"/>
      </file>
      <file name="public_write_methods.ts" path="/home/knc/Documents/Programming/typescript/tp-wrapper-e2/src/contract_managers/public_write_methods.ts">
        <metrics statements="5" coveredstatements="5" conditionals="0" coveredconditionals="0" methods="1" coveredmethods="1"/>
        <line num="1" count="5" type="stmt"/>
        <line num="6" count="5" type="stmt"/>
        <line num="16" count="3" type="stmt"/>
        <line num="17" count="3" type="stmt"/>
        <line num="18" count="3" type="stmt"/>
      </file>
      <file name="secretary_write_methods.ts" path="/home/knc/Documents/Programming/typescript/tp-wrapper-e2/src/contract_managers/secretary_write_methods.ts">
        <metrics statements="44" coveredstatements="17" conditionals="1" coveredconditionals="1" methods="14" coveredmethods="5"/>
        <line num="2" count="5" type="stmt"/>
        <line num="10" count="5" type="stmt"/>
        <line num="20" count="45" type="stmt"/>
        <line num="21" count="45" type="stmt"/>
        <line num="22" count="45" type="stmt"/>
        <line num="31" count="9" type="stmt"/>
        <line num="32" count="9" type="stmt"/>
        <line num="33" count="9" type="stmt"/>
        <line num="51" count="45" type="stmt"/>
        <line num="56" count="45" type="stmt"/>
        <line num="61" count="45" type="stmt"/>
        <line num="75" count="3" type="stmt"/>
        <line num="76" count="3" type="stmt"/>
        <line num="79" count="3" type="stmt"/>
        <line num="89" count="0" type="stmt"/>
        <line num="90" count="0" type="stmt"/>
        <line num="91" count="0" type="stmt"/>
        <line num="104" count="0" type="stmt"/>
        <line num="105" count="0" type="stmt"/>
        <line num="106" count="0" type="stmt"/>
        <line num="123" count="0" type="stmt"/>
        <line num="126" count="0" type="stmt"/>
        <line num="129" count="0" type="stmt"/>
        <line num="141" count="0" type="stmt"/>
        <line num="142" count="0" type="stmt"/>
        <line num="143" count="0" type="stmt"/>
        <line num="158" count="0" type="stmt"/>
        <line num="159" count="0" type="stmt"/>
        <line num="160" count="0" type="stmt"/>
        <line num="171" count="0" type="stmt"/>
        <line num="172" count="0" type="stmt"/>
        <line num="173" count="0" type="stmt"/>
        <line num="183" count="0" type="stmt"/>
        <line num="184" count="0" type="stmt"/>
        <line num="185" count="0" type="stmt"/>
        <line num="197" count="0" type="stmt"/>
        <line num="198" count="0" type="stmt"/>
        <line num="199" count="0" type="stmt"/>
        <line num="210" count="0" type="stmt"/>
        <line num="211" count="0" type="stmt"/>
        <line num="212" count="0" type="stmt"/>
        <line num="222" count="3" type="stmt"/>
        <line num="223" count="3" type="stmt"/>
        <line num="224" count="3" type="stmt"/>
      </file>
      <file name="tandapay_manager.ts" path="/home/knc/Documents/Programming/typescript/tp-wrapper-e2/src/contract_managers/tandapay_manager.ts">
        <metrics statements="17" coveredstatements="13" conditionals="6" coveredconditionals="4" methods="1" coveredmethods="1"/>
        <line num="1" count="5" type="stmt"/>
        <line num="2" count="5" type="stmt"/>
        <line num="8" count="5" type="stmt"/>
        <line num="9" count="5" type="stmt"/>
        <line num="10" count="5" type="stmt"/>
        <line num="11" count="5" type="stmt"/>
        <line num="85" count="5" type="stmt"/>
        <line num="91" count="72" type="stmt"/>
        <line num="95" count="72" type="stmt"/>
        <line num="98" count="72" type="cond" truecount="3" falsecount="0"/>
        <line num="100" count="72" type="stmt"/>
        <line num="103" count="72" type="cond" truecount="1" falsecount="1"/>
        <line num="104" count="72" type="stmt"/>
        <line num="114" count="0" type="cond" truecount="0" falsecount="1"/>
        <line num="115" count="0" type="stmt"/>
        <line num="125" count="0" type="stmt"/>
        <line num="135" count="0" type="stmt"/>
      </file>
      <file name="tandapay_read_methods.ts" path="/home/knc/Documents/Programming/typescript/tp-wrapper-e2/src/contract_managers/tandapay_read_methods.ts">
        <metrics statements="43" coveredstatements="36" conditionals="4" coveredconditionals="4" methods="20" coveredmethods="15"/>
        <line num="1" count="5" type="stmt"/>
        <line num="12" count="5" type="stmt"/>
        <line num="19" count="5" type="stmt"/>
        <line num="24" count="143" type="stmt"/>
        <line num="31" count="72" type="stmt"/>
        <line num="32" count="72" type="stmt"/>
        <line num="40" count="72" type="stmt"/>
        <line num="41" count="1" type="stmt"/>
        <line num="44" count="72" type="stmt"/>
        <line num="47" count="72" type="stmt"/>
        <line num="50" count="72" type="stmt"/>
        <line num="53" count="72" type="stmt"/>
        <line num="56" count="72" type="stmt"/>
        <line num="59" count="72" type="stmt"/>
        <line num="72" count="72" type="stmt"/>
        <line num="73" count="3" type="stmt"/>
        <line num="80" count="72" type="stmt"/>
        <line num="81" count="1" type="stmt"/>
        <line num="89" count="72" type="stmt"/>
        <line num="93" count="0" type="stmt"/>
        <line num="100" count="0" type="stmt"/>
        <line num="116" count="72" type="stmt"/>
        <line num="117" count="0" type="stmt"/>
        <line num="124" count="72" type="stmt"/>
        <line num="125" count="0" type="stmt"/>
        <line num="138" count="72" type="stmt"/>
        <line num="139" count="1" type="stmt"/>
        <line num="146" count="72" type="stmt"/>
        <line num="147" count="0" type="stmt"/>
        <line num="156" count="72" type="stmt"/>
        <line num="160" count="61" type="stmt"/>
        <line num="166" count="61" type="stmt"/>
        <line num="167" count="61" type="cond" truecount="1" falsecount="0"/>
        <line num="172" count="61" type="stmt"/>
        <line num="192" count="72" type="stmt"/>
        <line num="203" count="72" type="stmt"/>
        <line num="204" count="0" type="stmt"/>
        <line num="205" count="0" type="stmt"/>
        <line num="222" count="72" type="cond" truecount="1" falsecount="0"/>
        <line num="223" count="1" type="stmt"/>
        <line num="229" count="1" type="stmt"/>
        <line num="230" count="1" type="cond" truecount="1" falsecount="0"/>
        <line num="235" count="1" type="stmt"/>
      </file>
      <file name="tandapay_write_methods.ts" path="/home/knc/Documents/Programming/typescript/tp-wrapper-e2/src/contract_managers/tandapay_write_methods.ts">
        <metrics statements="12" coveredstatements="11" conditionals="1" coveredconditionals="1" methods="4" coveredmethods="4"/>
        <line num="1" count="5" type="stmt"/>
        <line num="3" count="5" type="stmt"/>
        <line num="4" count="5" type="stmt"/>
        <line num="10" count="5" type="stmt"/>
        <line num="18" count="216" type="stmt"/>
        <line num="22" count="258" type="stmt"/>
        <line num="27" count="258" type="stmt"/>
        <line num="36" count="258" type="cond" truecount="1" falsecount="0"/>
        <line num="37" count="258" type="stmt"/>
        <line num="40" count="0" type="stmt"/>
        <line num="49" count="216" type="stmt"/>
        <line num="50" count="216" type="stmt"/>
      </file>
    </package>
    <package name="test">
      <metrics statements="76" coveredstatements="72" conditionals="15" coveredconditionals="7" methods="10" coveredmethods="10"/>
      <file name="test_helpers.ts" path="/home/knc/Documents/Programming/typescript/tp-wrapper-e2/test/test_helpers.ts">
        <metrics statements="76" coveredstatements="72" conditionals="15" coveredconditionals="7" methods="10" coveredmethods="10"/>
        <line num="1" count="5" type="stmt"/>
        <line num="2" count="5" type="stmt"/>
        <line num="12" count="5" type="stmt"/>
        <line num="13" count="5" type="stmt"/>
        <line num="14" count="5" type="stmt"/>
        <line num="15" count="5" type="stmt"/>
        <line num="16" count="5" type="stmt"/>
        <line num="17" count="5" type="stmt"/>
        <line num="18" count="5" type="stmt"/>
        <line num="24" count="5" type="stmt"/>
        <line num="26" count="5" type="stmt"/>
        <line num="28" count="5" type="stmt"/>
        <line num="30" count="5" type="stmt"/>
        <line num="34" count="5" type="stmt"/>
        <line num="35" count="5" type="stmt"/>
        <line num="42" count="5" type="cond" truecount="0" falsecount="1"/>
        <line num="43" count="27" type="stmt"/>
        <line num="47" count="27" type="stmt"/>
        <line num="48" count="90" type="stmt"/>
        <line num="54" count="27" type="stmt"/>
        <line num="61" count="5" type="stmt"/>
        <line num="62" count="45" type="stmt"/>
        <line num="67" count="45" type="stmt"/>
        <line num="75" count="5" type="stmt"/>
        <line num="78" count="19" type="stmt"/>
        <line num="83" count="19" type="stmt"/>
        <line num="85" count="19" type="stmt"/>
        <line num="88" count="19" type="stmt"/>
        <line num="95" count="5" type="stmt"/>
        <line num="96" count="10" type="stmt"/>
        <line num="97" count="10" type="stmt"/>
        <line num="102" count="10" type="stmt"/>
        <line num="110" count="5" type="stmt"/>
        <line num="113" count="26" type="cond" truecount="0" falsecount="1"/>
        <line num="115" count="26" type="stmt"/>
        <line num="116" count="26" type="stmt"/>
        <line num="117" count="26" type="stmt"/>
        <line num="118" count="87" type="stmt"/>
        <line num="126" count="26" type="stmt"/>
        <line num="134" count="5" type="cond" truecount="1" falsecount="0"/>
        <line num="135" count="3" type="cond" truecount="0" falsecount="1"/>
        <line num="137" count="3" type="stmt"/>
        <line num="138" count="3" type="stmt"/>
        <line num="139" count="3" type="stmt"/>
        <line num="146" count="3" type="stmt"/>
        <line num="153" count="5" type="stmt"/>
        <line num="155" count="4" type="stmt"/>
        <line num="157" count="4" type="stmt"/>
        <line num="165" count="4" type="stmt"/>
        <line num="166" count="4" type="cond" truecount="2" falsecount="1"/>
        <line num="167" count="0" type="stmt"/>
        <line num="172" count="4" type="stmt"/>
        <line num="180" count="5" type="stmt"/>
        <line num="182" count="4" type="stmt"/>
        <line num="187" count="4" type="stmt"/>
        <line num="196" count="4" type="stmt"/>
        <line num="197" count="4" type="cond" truecount="2" falsecount="1"/>
        <line num="198" count="0" type="stmt"/>
        <line num="203" count="4" type="stmt"/>
        <line num="210" count="5" type="stmt"/>
        <line num="214" count="16" type="stmt"/>
        <line num="215" count="16" type="stmt"/>
        <line num="216" count="72" type="stmt"/>
        <line num="218" count="16" type="stmt"/>
        <line num="230" count="5" type="stmt"/>
        <line num="231" count="4" type="stmt"/>
        <line num="234" count="60" type="stmt"/>
        <line num="241" count="60" type="cond" truecount="1" falsecount="0"/>
        <line num="242" count="60" type="stmt"/>
        <line num="246" count="60" type="stmt"/>
        <line num="249" count="60" type="cond" truecount="0" falsecount="1"/>
        <line num="250" count="0" type="stmt"/>
        <line num="256" count="60" type="stmt"/>
        <line num="260" count="60" type="stmt"/>
        <line num="263" count="60" type="cond" truecount="0" falsecount="1"/>
        <line num="264" count="0" type="stmt"/>
      </file>
    </package>
    <package name="test.integration">
      <metrics statements="40" coveredstatements="40" conditionals="5" coveredconditionals="5" methods="3" coveredmethods="3"/>
      <file name="setupDefaultState.ts" path="/home/knc/Documents/Programming/typescript/tp-wrapper-e2/test/integration/setupDefaultState.ts">
        <metrics statements="40" coveredstatements="40" conditionals="5" coveredconditionals="5" methods="3" coveredmethods="3"/>
        <line num="2" count="3" type="stmt"/>
        <line num="19" count="3" type="stmt"/>
        <line num="21" count="3" type="cond" truecount="1" falsecount="0"/>
        <line num="22" count="12" type="stmt"/>
        <line num="23" count="12" type="cond" truecount="1" falsecount="0"/>
        <line num="25" count="10" type="cond" truecount="1" falsecount="0"/>
        <line num="26" count="10" type="stmt"/>
        <line num="27" count="10" type="stmt"/>
        <line num="29" count="10" type="stmt"/>
        <line num="32" count="2" type="stmt"/>
        <line num="33" count="2" type="stmt"/>
        <line num="34" count="2" type="stmt"/>
        <line num="37" count="3" type="stmt"/>
        <line num="38" count="12" type="cond" truecount="1" falsecount="0"/>
        <line num="39" count="10" type="stmt"/>
        <line num="40" count="10" type="stmt"/>
        <line num="42" count="2" type="stmt"/>
        <line num="50" count="3" type="stmt"/>
        <line num="55" count="4" type="cond" truecount="1" falsecount="0"/>
        <line num="58" count="3" type="stmt"/>
        <line num="60" count="3" type="stmt"/>
        <line num="61" count="3" type="stmt"/>
        <line num="71" count="3" type="stmt"/>
        <line num="72" count="3" type="stmt"/>
        <line num="77" count="3" type="stmt"/>
        <line num="79" count="9" type="stmt"/>
        <line num="80" count="9" type="stmt"/>
        <line num="81" count="45" type="stmt"/>
        <line num="83" count="45" type="stmt"/>
        <line num="86" count="45" type="stmt"/>
        <line num="94" count="3" type="stmt"/>
        <line num="98" count="3" type="stmt"/>
        <line num="99" count="3" type="stmt"/>
        <line num="101" count="3" type="stmt"/>
        <line num="102" count="42" type="stmt"/>
        <line num="103" count="42" type="stmt"/>
        <line num="106" count="3" type="stmt"/>
        <line num="107" count="3" type="stmt"/>
        <line num="108" count="3" type="stmt"/>
        <line num="113" count="3" type="stmt"/>
      </file>
    </package>
  </project>
</coverage>
