TN:
SF:src/types.ts
FN:24,hasWalletActions
FN:27,(anonymous_1)
FN:32,hasPublicActions
FN:35,(anonymous_3)
FN:160,(anonymous_4)
FN:177,(anonymous_5)
FN:187,(anonymous_6)
FN:228,(anonymous_7)
FN:281,memberInfoJsonReplacer
FNF:9
FNH:6
FNDA:77,hasWalletActions
FNDA:1232,(anonymous_1)
FNDA:0,hasPublicActions
FNDA:0,(anonymous_3)
FNDA:5,(anonymous_4)
FNDA:5,(anonymous_5)
FNDA:5,(anonymous_6)
FNDA:5,(anonymous_7)
FNDA:0,memberInfoJsonReplacer
DA:7,5
DA:21,5
DA:24,5
DA:25,77
DA:26,77
DA:27,1232
DA:32,5
DA:33,0
DA:34,0
DA:35,0
DA:160,5
DA:167,5
DA:169,5
DA:171,5
DA:173,5
DA:177,5
DA:179,5
DA:181,5
DA:183,5
DA:187,5
DA:192,5
DA:194,5
DA:196,5
DA:201,5
DA:209,5
DA:211,5
DA:216,5
DA:221,5
DA:228,5
DA:230,5
DA:236,5
DA:241,5
DA:243,5
DA:248,5
DA:253,5
DA:258,5
DA:263,5
DA:265,5
DA:267,5
DA:269,5
DA:271,5
DA:275,5
DA:277,5
DA:279,5
DA:281,5
DA:282,0
DA:283,0
DA:285,0
DA:286,0
DA:287,0
DA:289,0
LF:51
LH:42
BRDA:160,0,0,5
BRDA:160,0,1,5
BRDA:177,1,0,5
BRDA:177,1,1,5
BRDA:187,2,0,5
BRDA:187,2,1,5
BRDA:228,3,0,5
BRDA:228,3,1,5
BRDA:285,4,0,0
BRDA:285,4,1,0
BRDA:286,5,0,0
BRF:11
BRH:8
end_of_record
TN:
SF:src/utils.ts
FN:7,bigIntJsonReplacer
FN:11,(anonymous_1)
FN:16,(anonymous_2)
FNF:3
FNH:3
FNDA:15,bigIntJsonReplacer
FNDA:9,(anonymous_1)
FNDA:10,(anonymous_2)
DA:7,6
DA:11,15
DA:13,15
DA:15,2
DA:17,10
DA:19,13
DA:20,1
DA:22,12
LF:8
LH:8
BRDA:13,0,0,2
BRDA:13,0,1,13
BRDA:17,1,0,8
BRDA:17,1,1,2
BRDA:19,2,0,1
BRF:5
BRH:5
end_of_record
TN:
SF:src/_contracts/FaucetToken.ts
FNF:0
FNH:0
DA:3,5
LF:1
LH:1
BRF:0
BRH:0
end_of_record
TN:
SF:src/_contracts/TandaPay.ts
FNF:0
FNH:0
DA:1,5
LF:1
LH:1
BRF:0
BRH:0
end_of_record
TN:
SF:src/contract_managers/member_write_methods.ts
FN:11,(anonymous_0)
FN:20,(anonymous_1)
FN:31,(anonymous_2)
FN:52,(anonymous_3)
FN:61,(anonymous_4)
FN:70,(anonymous_5)
FN:81,(anonymous_6)
FN:92,(anonymous_7)
FN:106,(anonymous_8)
FN:115,(anonymous_9)
FN:124,(anonymous_10)
FNF:11
FNH:3
FNDA:45,(anonymous_0)
FNDA:45,(anonymous_1)
FNDA:0,(anonymous_2)
FNDA:0,(anonymous_3)
FNDA:0,(anonymous_4)
FNDA:60,(anonymous_5)
FNDA:0,(anonymous_6)
FNDA:0,(anonymous_7)
FNDA:0,(anonymous_8)
FNDA:0,(anonymous_9)
FNDA:0,(anonymous_10)
DA:2,5
DA:7,5
DA:12,45
DA:13,45
DA:14,45
DA:23,45
DA:24,45
DA:25,45
DA:36,0
DA:41,0
DA:46,0
DA:53,0
DA:54,0
DA:55,0
DA:62,0
DA:63,0
DA:64,0
DA:73,60
DA:74,60
DA:75,60
DA:82,0
DA:83,0
DA:84,0
DA:95,0
DA:96,0
DA:99,0
DA:107,0
DA:108,0
DA:109,0
DA:116,0
DA:117,0
DA:118,0
DA:127,0
DA:128,0
DA:129,0
LF:35
LH:11
BRDA:21,0,0,0
BRDA:34,1,0,0
BRDA:71,2,0,60
BRDA:125,3,0,0
BRF:4
BRH:1
end_of_record
TN:
SF:src/contract_managers/public_write_methods.ts
FN:15,(anonymous_0)
FNF:1
FNH:1
FNDA:3,(anonymous_0)
DA:1,5
DA:6,5
DA:16,3
DA:17,3
DA:18,3
LF:5
LH:5
BRF:0
BRH:0
end_of_record
TN:
SF:src/contract_managers/secretary_write_methods.ts
FN:17,(anonymous_0)
FN:30,(anonymous_1)
FN:46,(anonymous_2)
FN:72,(anonymous_3)
FN:88,(anonymous_4)
FN:101,(anonymous_5)
FN:120,(anonymous_6)
FN:138,(anonymous_7)
FN:157,(anonymous_8)
FN:170,(anonymous_9)
FN:182,(anonymous_10)
FN:196,(anonymous_11)
FN:209,(anonymous_12)
FN:221,(anonymous_13)
FNF:14
FNH:5
FNDA:45,(anonymous_0)
FNDA:9,(anonymous_1)
FNDA:45,(anonymous_2)
FNDA:3,(anonymous_3)
FNDA:0,(anonymous_4)
FNDA:0,(anonymous_5)
FNDA:0,(anonymous_6)
FNDA:0,(anonymous_7)
FNDA:0,(anonymous_8)
FNDA:0,(anonymous_9)
FNDA:0,(anonymous_10)
FNDA:0,(anonymous_11)
FNDA:0,(anonymous_12)
FNDA:3,(anonymous_13)
DA:2,5
DA:10,5
DA:20,45
DA:21,45
DA:22,45
DA:31,9
DA:32,9
DA:33,9
DA:51,45
DA:56,45
DA:61,45
DA:75,3
DA:76,3
DA:79,3
DA:89,0
DA:90,0
DA:91,0
DA:104,0
DA:105,0
DA:106,0
DA:123,0
DA:126,0
DA:129,0
DA:141,0
DA:142,0
DA:143,0
DA:158,0
DA:159,0
DA:160,0
DA:171,0
DA:172,0
DA:173,0
DA:183,0
DA:184,0
DA:185,0
DA:197,0
DA:198,0
DA:199,0
DA:210,0
DA:211,0
DA:212,0
DA:222,3
DA:223,3
DA:224,3
LF:44
LH:17
BRDA:49,0,0,45
BRF:1
BRH:1
end_of_record
TN:
SF:src/contract_managers/tandapay_manager.ts
FN:85,createTandaPayManager
FNF:1
FNH:1
FNDA:72,createTandaPayManager
DA:1,5
DA:2,5
DA:8,5
DA:9,5
DA:10,5
DA:11,5
DA:85,5
DA:91,72
DA:95,72
DA:98,72
DA:100,72
DA:103,72
DA:104,72
DA:114,0
DA:115,0
DA:125,0
DA:135,0
LF:17
LH:13
BRDA:98,0,0,72
BRDA:98,1,0,72
BRDA:98,1,1,72
BRDA:103,2,0,72
BRDA:103,2,1,0
BRDA:114,3,0,0
BRF:6
BRH:4
end_of_record
TN:
SF:src/contract_managers/tandapay_read_methods.ts
FN:23,(anonymous_0)
FN:30,(anonymous_1)
FN:40,(anonymous_2)
FN:44,(anonymous_3)
FN:47,(anonymous_4)
FN:50,(anonymous_5)
FN:53,(anonymous_6)
FN:56,(anonymous_7)
FN:59,(anonymous_8)
FN:72,(anonymous_9)
FN:80,(anonymous_10)
FN:89,(anonymous_11)
FN:116,(anonymous_12)
FN:124,(anonymous_13)
FN:138,(anonymous_14)
FN:146,(anonymous_15)
FN:156,(anonymous_16)
FN:192,(anonymous_17)
FN:203,(anonymous_18)
FN:222,(anonymous_19)
FNF:20
FNH:15
FNDA:143,(anonymous_0)
FNDA:72,(anonymous_1)
FNDA:1,(anonymous_2)
FNDA:1,(anonymous_3)
FNDA:1,(anonymous_4)
FNDA:1,(anonymous_5)
FNDA:7,(anonymous_6)
FNDA:1,(anonymous_7)
FNDA:1,(anonymous_8)
FNDA:3,(anonymous_9)
FNDA:1,(anonymous_10)
FNDA:0,(anonymous_11)
FNDA:0,(anonymous_12)
FNDA:0,(anonymous_13)
FNDA:1,(anonymous_14)
FNDA:0,(anonymous_15)
FNDA:61,(anonymous_16)
FNDA:1,(anonymous_17)
FNDA:0,(anonymous_18)
FNDA:1,(anonymous_19)
DA:1,5
DA:12,5
DA:19,5
DA:24,143
DA:31,72
DA:32,72
DA:40,72
DA:41,1
DA:44,72
DA:47,72
DA:50,72
DA:53,72
DA:56,72
DA:59,72
DA:72,72
DA:73,3
DA:80,72
DA:81,1
DA:89,72
DA:93,0
DA:100,0
DA:116,72
DA:117,0
DA:124,72
DA:125,0
DA:138,72
DA:139,1
DA:146,72
DA:147,0
DA:156,72
DA:160,61
DA:166,61
DA:167,61
DA:172,61
DA:192,72
DA:203,72
DA:204,0
DA:205,0
DA:222,72
DA:223,1
DA:229,1
DA:230,1
DA:235,1
LF:43
LH:36
BRDA:158,0,0,61
BRDA:167,1,0,61
BRDA:222,2,0,1
BRDA:230,3,0,1
BRF:4
BRH:4
end_of_record
TN:
SF:src/contract_managers/tandapay_write_methods.ts
FN:21,(anonymous_0)
FN:26,(anonymous_1)
FN:35,(anonymous_2)
FN:48,(anonymous_3)
FNF:4
FNH:4
FNDA:258,(anonymous_0)
FNDA:258,(anonymous_1)
FNDA:258,(anonymous_2)
FNDA:216,(anonymous_3)
DA:1,5
DA:3,5
DA:4,5
DA:10,5
DA:18,216
DA:22,258
DA:27,258
DA:36,258
DA:37,258
DA:40,0
DA:49,216
DA:50,216
LF:12
LH:11
BRDA:36,0,0,258
BRF:1
BRH:1
end_of_record
TN:
SF:test/test_helpers.ts
FN:42,makeAccounts
FN:61,makeTestClient
FN:75,spawnAnvil
FN:95,advanceTime
FN:110,makeWriteableClients
FN:134,makePublicClients
FN:153,deployFaucetToken
FN:180,deployTandaPay
FN:210,makeManagers
FN:230,ftkApprove
FNF:10
FNH:10
FNDA:27,makeAccounts
FNDA:45,makeTestClient
FNDA:19,spawnAnvil
FNDA:10,advanceTime
FNDA:26,makeWriteableClients
FNDA:3,makePublicClients
FNDA:4,deployFaucetToken
FNDA:4,deployTandaPay
FNDA:16,makeManagers
FNDA:4,ftkApprove
DA:1,5
DA:2,5
DA:12,5
DA:13,5
DA:14,5
DA:15,5
DA:16,5
DA:17,5
DA:18,5
DA:24,5
DA:26,5
DA:28,5
DA:30,5
DA:34,5
DA:35,5
DA:42,5
DA:43,27
DA:47,27
DA:48,90
DA:54,27
DA:61,5
DA:62,45
DA:67,45
DA:75,5
DA:78,19
DA:83,19
DA:85,19
DA:88,19
DA:95,5
DA:96,10
DA:97,10
DA:102,10
DA:110,5
DA:113,26
DA:115,26
DA:116,26
DA:117,26
DA:118,87
DA:126,26
DA:134,5
DA:135,3
DA:137,3
DA:138,3
DA:139,3
DA:146,3
DA:153,5
DA:155,4
DA:157,4
DA:165,4
DA:166,4
DA:167,0
DA:172,4
DA:180,5
DA:182,4
DA:187,4
DA:196,4
DA:197,4
DA:198,0
DA:203,4
DA:210,5
DA:214,16
DA:215,16
DA:216,72
DA:218,16
DA:230,5
DA:231,4
DA:234,60
DA:241,60
DA:242,60
DA:246,60
DA:249,60
DA:250,0
DA:256,60
DA:260,60
DA:263,60
DA:264,0
LF:76
LH:72
BRDA:42,0,0,0
BRDA:76,1,0,19
BRDA:111,2,0,0
BRDA:113,3,0,0
BRDA:134,4,0,1
BRDA:135,5,0,0
BRDA:166,6,0,0
BRDA:166,7,0,4
BRDA:166,7,1,4
BRDA:197,8,0,0
BRDA:197,9,0,4
BRDA:197,9,1,4
BRDA:241,10,0,60
BRDA:249,11,0,0
BRDA:263,12,0,0
BRF:15
BRH:7
end_of_record
TN:
SF:test/integration/setupDefaultState.ts
FN:21,getAnyCachedDefaultStateOrDeploy
FN:37,getAnyCachedDefaultState
FN:50,setupDefaultState
FNF:3
FNH:3
FNDA:12,getAnyCachedDefaultStateOrDeploy
FNDA:12,getAnyCachedDefaultState
FNDA:4,setupDefaultState
DA:2,3
DA:19,3
DA:21,3
DA:22,12
DA:23,12
DA:25,10
DA:26,10
DA:27,10
DA:29,10
DA:32,2
DA:33,2
DA:34,2
DA:37,3
DA:38,12
DA:39,10
DA:40,10
DA:42,2
DA:50,3
DA:55,4
DA:58,3
DA:60,3
DA:61,3
DA:71,3
DA:72,3
DA:77,3
DA:79,9
DA:80,9
DA:81,45
DA:83,45
DA:86,45
DA:94,3
DA:98,3
DA:99,3
DA:101,3
DA:102,42
DA:103,42
DA:106,3
DA:107,3
DA:108,3
DA:113,3
LF:40
LH:40
BRDA:21,0,0,12
BRDA:23,1,0,10
BRDA:25,2,0,10
BRDA:38,3,0,10
BRDA:55,4,0,1
BRF:5
BRH:5
end_of_record
